Generated at 2018-04-09 15:39:37 +0530
TypeError: no implicit conversion of Array into String
C:/opscode/chefdk/embedded/lib/ruby/gems/2.4.0/gems/chef-13.8.5-universal-mingw32/lib/chef/mixin/uris.rb:30:in `uri_scheme?'
C:/opscode/chefdk/embedded/lib/ruby/gems/2.4.0/gems/chef-13.8.5-universal-mingw32/lib/chef/resource/windows_package.rb:53:in `block in <class:WindowsPackage>'
C:/opscode/chefdk/embedded/lib/ruby/gems/2.4.0/gems/chef-13.8.5-universal-mingw32/lib/chef/property.rb:648:in `instance_exec'
C:/opscode/chefdk/embedded/lib/ruby/gems/2.4.0/gems/chef-13.8.5-universal-mingw32/lib/chef/property.rb:648:in `exec_in_resource'
C:/opscode/chefdk/embedded/lib/ruby/gems/2.4.0/gems/chef-13.8.5-universal-mingw32/lib/chef/property.rb:447:in `coerce'
C:/opscode/chefdk/embedded/lib/ruby/gems/2.4.0/gems/chef-13.8.5-universal-mingw32/lib/chef/property.rb:676:in `coerce_and_validate'
C:/opscode/chefdk/embedded/lib/ruby/gems/2.4.0/gems/chef-13.8.5-universal-mingw32/lib/chef/property.rb:658:in `input_to_stored_value'
C:/opscode/chefdk/embedded/lib/ruby/gems/2.4.0/gems/chef-13.8.5-universal-mingw32/lib/chef/property.rb:386:in `set'
C:/opscode/chefdk/embedded/lib/ruby/gems/2.4.0/gems/chef-13.8.5-universal-mingw32/lib/chef/property.rb:283:in `call'
C:/opscode/chefdk/embedded/lib/ruby/gems/2.4.0/gems/chef-13.8.5-universal-mingw32/lib/chef/property.rb:525:in `source'
C:/Chef/chef-repo/.chef/cache/cookbooks/dotnet/recipes/default.rb:8:in `block in from_file'
C:/opscode/chefdk/embedded/lib/ruby/gems/2.4.0/gems/chef-13.8.5-universal-mingw32/lib/chef/resource_builder.rb:66:in `instance_eval'
C:/opscode/chefdk/embedded/lib/ruby/gems/2.4.0/gems/chef-13.8.5-universal-mingw32/lib/chef/resource_builder.rb:66:in `build'
C:/opscode/chefdk/embedded/lib/ruby/gems/2.4.0/gems/chef-13.8.5-universal-mingw32/lib/chef/dsl/declare_resource.rb:293:in `build_resource'
C:/opscode/chefdk/embedded/lib/ruby/gems/2.4.0/gems/chef-13.8.5-universal-mingw32/lib/chef/dsl/declare_resource.rb:250:in `declare_resource'
C:/opscode/chefdk/embedded/lib/ruby/gems/2.4.0/gems/chef-13.8.5-universal-mingw32/lib/chef/dsl/resources.rb:38:in `windows_package'
C:/Chef/chef-repo/.chef/cache/cookbooks/dotnet/recipes/default.rb:7:in `from_file'
C:/opscode/chefdk/embedded/lib/ruby/gems/2.4.0/gems/chef-13.8.5-universal-mingw32/lib/chef/mixin/from_file.rb:30:in `instance_eval'
C:/opscode/chefdk/embedded/lib/ruby/gems/2.4.0/gems/chef-13.8.5-universal-mingw32/lib/chef/mixin/from_file.rb:30:in `from_file'
C:/opscode/chefdk/embedded/lib/ruby/gems/2.4.0/gems/chef-13.8.5-universal-mingw32/lib/chef/cookbook_version.rb:205:in `load_recipe'
C:/opscode/chefdk/embedded/lib/ruby/gems/2.4.0/gems/chef-13.8.5-universal-mingw32/lib/chef/run_context.rb:342:in `load_recipe'
C:/opscode/chefdk/embedded/lib/ruby/gems/2.4.0/gems/chef-13.8.5-universal-mingw32/lib/chef/run_context/cookbook_compiler.rb:163:in `block in compile_recipes'
C:/opscode/chefdk/embedded/lib/ruby/gems/2.4.0/gems/chef-13.8.5-universal-mingw32/lib/chef/run_context/cookbook_compiler.rb:160:in `each'
C:/opscode/chefdk/embedded/lib/ruby/gems/2.4.0/gems/chef-13.8.5-universal-mingw32/lib/chef/run_context/cookbook_compiler.rb:160:in `compile_recipes'
C:/opscode/chefdk/embedded/lib/ruby/gems/2.4.0/gems/chef-13.8.5-universal-mingw32/lib/chef/run_context/cookbook_compiler.rb:77:in `compile'
C:/opscode/chefdk/embedded/lib/ruby/gems/2.4.0/gems/chef-13.8.5-universal-mingw32/lib/chef/run_context.rb:191:in `load'
C:/opscode/chefdk/embedded/lib/ruby/gems/2.4.0/gems/chef-13.8.5-universal-mingw32/lib/chef/policy_builder/expand_node_object.rb:97:in `setup_run_context'
C:/opscode/chefdk/embedded/lib/ruby/gems/2.4.0/gems/chef-13.8.5-universal-mingw32/lib/chef/client.rb:513:in `setup_run_context'
C:/opscode/chefdk/embedded/lib/ruby/gems/2.4.0/gems/chef-13.8.5-universal-mingw32/lib/chef/client.rb:281:in `run'
C:/opscode/chefdk/embedded/lib/ruby/gems/2.4.0/gems/chef-13.8.5-universal-mingw32/lib/chef/application.rb:274:in `run_with_graceful_exit_option'
C:/opscode/chefdk/embedded/lib/ruby/gems/2.4.0/gems/chef-13.8.5-universal-mingw32/lib/chef/application.rb:250:in `block in run_chef_client'
C:/opscode/chefdk/embedded/lib/ruby/gems/2.4.0/gems/chef-13.8.5-universal-mingw32/lib/chef/local_mode.rb:44:in `with_server_connectivity'
C:/opscode/chefdk/embedded/lib/ruby/gems/2.4.0/gems/chef-13.8.5-universal-mingw32/lib/chef/application.rb:233:in `run_chef_client'
C:/opscode/chefdk/embedded/lib/ruby/gems/2.4.0/gems/chef-13.8.5-universal-mingw32/lib/chef/application/client.rb:469:in `sleep_then_run_chef_client'
C:/opscode/chefdk/embedded/lib/ruby/gems/2.4.0/gems/chef-13.8.5-universal-mingw32/lib/chef/application/client.rb:458:in `block in interval_run_chef_client'
C:/opscode/chefdk/embedded/lib/ruby/gems/2.4.0/gems/chef-13.8.5-universal-mingw32/lib/chef/application/client.rb:457:in `loop'
C:/opscode/chefdk/embedded/lib/ruby/gems/2.4.0/gems/chef-13.8.5-universal-mingw32/lib/chef/application/client.rb:457:in `interval_run_chef_client'
C:/opscode/chefdk/embedded/lib/ruby/gems/2.4.0/gems/chef-13.8.5-universal-mingw32/lib/chef/application/client.rb:441:in `run_application'
C:/opscode/chefdk/embedded/lib/ruby/gems/2.4.0/gems/chef-13.8.5-universal-mingw32/lib/chef/application.rb:59:in `run'
C:/opscode/chefdk/embedded/lib/ruby/gems/2.4.0/gems/chef-13.8.5-universal-mingw32/lib/chef/application/solo.rb:225:in `run'
C:/opscode/chefdk/embedded/lib/ruby/gems/2.4.0/gems/chef-13.8.5-universal-mingw32/bin/chef-solo:25:in `<top (required)>'
C:/opscode/chefdk/modules/chef/../../bin/chef-solo:262:in `load'
C:/opscode/chefdk/modules/chef/../../bin/chef-solo:262:in `<main>'